Listening for transport dt_socket at address: 8450

  .   ____          _            __ _ _
 /\\ / ___'_ __ _ _(_)_ __  __ _ \ \ \ \
( ( )\___ | '_ | '_| | '_ \/ _` | \ \ \ \
 \\/  ___)| |_)| | | | | || (_| |  ) ) ) )
  '  |____| .__|_| |_|_| |_\__, | / / / /
 =========|_|==============|___/=/_/_/_/
 :: Spring Boot ::        (v2.3.2.RELEASE)

2022-11-16 13:51:55.950  INFO 4455 --- [           main] c.l.aiCommand.AiCommandJavaApplication   : Starting AiCommandJavaApplication v2.3.2.RELEASE on appledeMacBook-Pro.local with PID 4455 (/Users/apple/Documents/代码/aiCommand/target/soft/aiCommand.jar started by apple in /Users/apple/Documents/代码/aiCommand/target/soft)
2022-11-16 13:51:55.953  INFO 4455 --- [           main] c.l.aiCommand.AiCommandJavaApplication   : The following profiles are active: dev
2022-11-16 13:51:57.367  WARN 4455 --- [           main] o.m.s.mapper.ClassPathMapperScanner      : No MyBatis mapper was found in '[com.laien.media_compression.mapper]' package. Please check your configuration.
2022-11-16 13:51:58.178  INFO 4455 --- [           main] o.s.b.w.embedded.tomcat.TomcatWebServer  : Tomcat initialized with port(s): 8888 (http)
2022-11-16 13:51:58.202  INFO 4455 --- [           main] o.a.coyote.http11.Http11NioProtocol      : Initializing ProtocolHandler ["http-nio-8888"]
2022-11-16 13:51:58.203  INFO 4455 --- [           main] o.apache.catalina.core.StandardService   : Starting service [Tomcat]
2022-11-16 13:51:58.203  INFO 4455 --- [           main] org.apache.catalina.core.StandardEngine  : Starting Servlet engine: [Apache Tomcat/9.0.37]
2022-11-16 13:51:58.297  INFO 4455 --- [           main] o.a.c.c.C.[Tomcat].[localhost].[/]       : Initializing Spring embedded WebApplicationContext
2022-11-16 13:51:58.298  INFO 4455 --- [           main] w.s.c.ServletWebServerApplicationContext : Root WebApplicationContext: initialization completed in 2242 ms
2022-11-16 13:51:59.362  INFO 4455 --- [           main] pertySourcedRequestMappingHandlerMapping : Mapped URL path [/v2/api-docs] onto method [springfox.documentation.swagger2.web.Swagger2ControllerWebMvc#getDocumentation(String, HttpServletRequest)]
2022-11-16 13:52:00.064  INFO 4455 --- [           main] o.s.s.concurrent.ThreadPoolTaskExecutor  : Initializing ExecutorService 'applicationTaskExecutor'
2022-11-16 13:52:00.462  INFO 4455 --- [           main] o.s.s.c.ThreadPoolTaskScheduler          : Initializing ExecutorService 'taskScheduler'
2022-11-16 13:52:00.520  INFO 4455 --- [           main] o.a.coyote.http11.Http11NioProtocol      : Starting ProtocolHandler ["http-nio-8888"]
2022-11-16 13:52:00.563  INFO 4455 --- [           main] o.s.b.w.embedded.tomcat.TomcatWebServer  : Tomcat started on port(s): 8888 (http) with context path ''
2022-11-16 13:52:00.576  INFO 4455 --- [           main] d.s.w.p.DocumentationPluginsBootstrapper : Documentation plugins bootstrapped
2022-11-16 13:52:00.599  INFO 4455 --- [           main] d.s.w.p.DocumentationPluginsBootstrapper : Found 1 custom documentation plugin(s)
2022-11-16 13:52:00.687  INFO 4455 --- [           main] s.d.s.w.s.ApiListingReferenceScanner     : Scanning for api listing references
2022-11-16 13:52:00.900  INFO 4455 --- [           main] c.l.aiCommand.AiCommandJavaApplication   : Started AiCommandJavaApplication in 5.683 seconds (JVM running for 6.348)
